Info: Starting: Create block symbol file (.bsf)
Info: qsys-generate C:\Users\kayla\OneDrive\Documents\ECE385\final\final_project.qsys --block-symbol-file --output-directory=C:\Users\kayla\OneDrive\Documents\ECE385\final\final_project --family="MAX 10" --part=10M50DAF484C7G
Progress: Loading final/final_project.qsys
Progress: Reading input file
Progress: Adding VGA_text_mode_controller_0 [VGA_text_mode_controller 1.0]
Progress: Parameterizing module VGA_text_mode_controller_0
Progress: Adding accumulate [altera_avalon_pio 18.1]
Progress: Parameterizing module accumulate
Progress: Adding clk_0 [clock_source 18.1]
Progress: Parameterizing module clk_0
Progress: Adding grid_pio0 [altera_avalon_pio 18.1]
Progress: Parameterizing module grid_pio0
Progress: Adding grid_pio1 [altera_avalon_pio 18.1]
Progress: Parameterizing module grid_pio1
Progress: Adding grid_pio10 [altera_avalon_pio 18.1]
Progress: Parameterizing module grid_pio10
Progress: Adding grid_pio11 [altera_avalon_pio 18.1]
Progress: Parameterizing module grid_pio11
Progress: Adding grid_pio12 [altera_avalon_pio 18.1]
Progress: Parameterizing module grid_pio12
Progress: Adding grid_pio13 [altera_avalon_pio 18.1]
Progress: Parameterizing module grid_pio13
Progress: Adding grid_pio14 [altera_avalon_pio 18.1]
Progress: Parameterizing module grid_pio14
Progress: Adding grid_pio15 [altera_avalon_pio 18.1]
Progress: Parameterizing module grid_pio15
Progress: Adding grid_pio2 [altera_avalon_pio 18.1]
Progress: Parameterizing module grid_pio2
Progress: Adding grid_pio3 [altera_avalon_pio 18.1]
Progress: Parameterizing module grid_pio3
Progress: Adding grid_pio4 [altera_avalon_pio 18.1]
Progress: Parameterizing module grid_pio4
Progress: Adding grid_pio5 [altera_avalon_pio 18.1]
Progress: Parameterizing module grid_pio5
Progress: Adding grid_pio6 [altera_avalon_pio 18.1]
Progress: Parameterizing module grid_pio6
Progress: Adding grid_pio7 [altera_avalon_pio 18.1]
Progress: Parameterizing module grid_pio7
Progress: Adding grid_pio8 [altera_avalon_pio 18.1]
Progress: Parameterizing module grid_pio8
Progress: Adding grid_pio9 [altera_avalon_pio 18.1]
Progress: Parameterizing module grid_pio9
Progress: Adding hex_digits_pio [altera_avalon_pio 18.1]
Progress: Parameterizing module hex_digits_pio
Progress: Adding jtag_uart [altera_avalon_jtag_uart 18.1]
Progress: Parameterizing module jtag_uart
Progress: Adding key [altera_avalon_pio 18.1]
Progress: Parameterizing module key
Progress: Adding keycode [altera_avalon_pio 18.1]
Progress: Parameterizing module keycode
Progress: Adding leds_pio [altera_avalon_pio 18.1]
Progress: Parameterizing module leds_pio
Progress: Adding lose_pio [altera_avalon_pio 18.1]
Progress: Parameterizing module lose_pio
Progress: Adding nios2_gen2_0 [altera_nios2_gen2 18.1]
Progress: Parameterizing module nios2_gen2_0
Progress: Adding onchip_memory2_0 [altera_avalon_onchip_memory2 18.1]
Progress: Parameterizing module onchip_memory2_0
Progress: Adding sdram [altera_avalon_new_sdram_controller 18.1]
Progress: Parameterizing module sdram
Progress: Adding sdram_pll [altpll 18.1]
Progress: Parameterizing module sdram_pll
Progress: Adding spi0 [altera_avalon_spi 18.1]
Progress: Parameterizing module spi0
Progress: Adding sysid_qsys_0 [altera_avalon_sysid_qsys 18.1]
Progress: Parameterizing module sysid_qsys_0
Progress: Adding timer [altera_avalon_timer 18.1]
Progress: Parameterizing module timer
Progress: Adding usb_gpx [altera_avalon_pio 18.1]
Progress: Parameterizing module usb_gpx
Progress: Adding usb_irq [altera_avalon_pio 18.1]
Progress: Parameterizing module usb_irq
Progress: Adding usb_rst [altera_avalon_pio 18.1]
Progress: Parameterizing module usb_rst
Progress: Adding win_lose_pio [altera_avalon_pio 18.1]
Progress: Parameterizing module win_lose_pio
Progress: Building connections
Progress: Parameterizing connections
Progress: Validating
Progress: Done reading input file
Info: final_project.accumulate: PIO inputs are not hardwired in test bench. Undefined values will be read from PIO inputs during simulation.
Info: final_project.jtag_uart: JTAG UART IP input clock need to be at least double (2x) the operating frequency of JTAG TCK on board
Info: final_project.key: PIO inputs are not hardwired in test bench. Undefined values will be read from PIO inputs during simulation.
Info: final_project.sdram: SDRAM Controller will only be supported in Quartus Prime Standard Edition in the future release.
Info: final_project.sysid_qsys_0: System ID is not assigned automatically. Edit the System ID parameter to provide a unique ID
Info: final_project.sysid_qsys_0: Time stamp will be automatically updated when this component is generated.
Info: final_project.usb_gpx: PIO inputs are not hardwired in test bench. Undefined values will be read from PIO inputs during simulation.
Info: final_project.usb_irq: PIO inputs are not hardwired in test bench. Undefined values will be read from PIO inputs during simulation.
Info: qsys-generate succeeded.
Info: Finished: Create block symbol file (.bsf)
Info: 
Info: Starting: Create HDL design files for synthesis
Info: qsys-generate C:\Users\kayla\OneDrive\Documents\ECE385\final\final_project.qsys --synthesis=VERILOG --output-directory=C:\Users\kayla\OneDrive\Documents\ECE385\final\final_project\synthesis --family="MAX 10" --part=10M50DAF484C7G
Progress: Loading final/final_project.qsys
Progress: Reading input file
Progress: Adding VGA_text_mode_controller_0 [VGA_text_mode_controller 1.0]
Progress: Parameterizing module VGA_text_mode_controller_0
Progress: Adding accumulate [altera_avalon_pio 18.1]
Progress: Parameterizing module accumulate
Progress: Adding clk_0 [clock_source 18.1]
Progress: Parameterizing module clk_0
Progress: Adding grid_pio0 [altera_avalon_pio 18.1]
Progress: Parameterizing module grid_pio0
Progress: Adding grid_pio1 [altera_avalon_pio 18.1]
Progress: Parameterizing module grid_pio1
Progress: Adding grid_pio10 [altera_avalon_pio 18.1]
Progress: Parameterizing module grid_pio10
Progress: Adding grid_pio11 [altera_avalon_pio 18.1]
Progress: Parameterizing module grid_pio11
Progress: Adding grid_pio12 [altera_avalon_pio 18.1]
Progress: Parameterizing module grid_pio12
Progress: Adding grid_pio13 [altera_avalon_pio 18.1]
Progress: Parameterizing module grid_pio13
Progress: Adding grid_pio14 [altera_avalon_pio 18.1]
Progress: Parameterizing module grid_pio14
Progress: Adding grid_pio15 [altera_avalon_pio 18.1]
Progress: Parameterizing module grid_pio15
Progress: Adding grid_pio2 [altera_avalon_pio 18.1]
Progress: Parameterizing module grid_pio2
Progress: Adding grid_pio3 [altera_avalon_pio 18.1]
Progress: Parameterizing module grid_pio3
Progress: Adding grid_pio4 [altera_avalon_pio 18.1]
Progress: Parameterizing module grid_pio4
Progress: Adding grid_pio5 [altera_avalon_pio 18.1]
Progress: Parameterizing module grid_pio5
Progress: Adding grid_pio6 [altera_avalon_pio 18.1]
Progress: Parameterizing module grid_pio6
Progress: Adding grid_pio7 [altera_avalon_pio 18.1]
Progress: Parameterizing module grid_pio7
Progress: Adding grid_pio8 [altera_avalon_pio 18.1]
Progress: Parameterizing module grid_pio8
Progress: Adding grid_pio9 [altera_avalon_pio 18.1]
Progress: Parameterizing module grid_pio9
Progress: Adding hex_digits_pio [altera_avalon_pio 18.1]
Progress: Parameterizing module hex_digits_pio
Progress: Adding jtag_uart [altera_avalon_jtag_uart 18.1]
Progress: Parameterizing module jtag_uart
Progress: Adding key [altera_avalon_pio 18.1]
Progress: Parameterizing module key
Progress: Adding keycode [altera_avalon_pio 18.1]
Progress: Parameterizing module keycode
Progress: Adding leds_pio [altera_avalon_pio 18.1]
Progress: Parameterizing module leds_pio
Progress: Adding lose_pio [altera_avalon_pio 18.1]
Progress: Parameterizing module lose_pio
Progress: Adding nios2_gen2_0 [altera_nios2_gen2 18.1]
Progress: Parameterizing module nios2_gen2_0
Progress: Adding onchip_memory2_0 [altera_avalon_onchip_memory2 18.1]
Progress: Parameterizing module onchip_memory2_0
Progress: Adding sdram [altera_avalon_new_sdram_controller 18.1]
Progress: Parameterizing module sdram
Progress: Adding sdram_pll [altpll 18.1]
Progress: Parameterizing module sdram_pll
Progress: Adding spi0 [altera_avalon_spi 18.1]
Progress: Parameterizing module spi0
Progress: Adding sysid_qsys_0 [altera_avalon_sysid_qsys 18.1]
Progress: Parameterizing module sysid_qsys_0
Progress: Adding timer [altera_avalon_timer 18.1]
Progress: Parameterizing module timer
Progress: Adding usb_gpx [altera_avalon_pio 18.1]
Progress: Parameterizing module usb_gpx
Progress: Adding usb_irq [altera_avalon_pio 18.1]
Progress: Parameterizing module usb_irq
Progress: Adding usb_rst [altera_avalon_pio 18.1]
Progress: Parameterizing module usb_rst
Progress: Adding win_lose_pio [altera_avalon_pio 18.1]
Progress: Parameterizing module win_lose_pio
Progress: Building connections
Progress: Parameterizing connections
Progress: Validating
Progress: Done reading input file
Info: final_project.accumulate: PIO inputs are not hardwired in test bench. Undefined values will be read from PIO inputs during simulation.
Info: final_project.jtag_uart: JTAG UART IP input clock need to be at least double (2x) the operating frequency of JTAG TCK on board
Info: final_project.key: PIO inputs are not hardwired in test bench. Undefined values will be read from PIO inputs during simulation.
Info: final_project.sdram: SDRAM Controller will only be supported in Quartus Prime Standard Edition in the future release.
Info: final_project.sysid_qsys_0: System ID is not assigned automatically. Edit the System ID parameter to provide a unique ID
Info: final_project.sysid_qsys_0: Time stamp will be automatically updated when this component is generated.
Info: final_project.usb_gpx: PIO inputs are not hardwired in test bench. Undefined values will be read from PIO inputs during simulation.
Info: final_project.usb_irq: PIO inputs are not hardwired in test bench. Undefined values will be read from PIO inputs during simulation.
Info: final_project: Generating final_project "final_project" for QUARTUS_SYNTH
Info: Inserting clock-crossing logic between cmd_demux.src5 and cmd_mux_005.sink0
Info: Inserting clock-crossing logic between cmd_demux_001.src5 and cmd_mux_005.sink1
Info: Inserting clock-crossing logic between rsp_demux_005.src0 and rsp_mux.sink5
Info: Inserting clock-crossing logic between rsp_demux_005.src1 and rsp_mux_001.sink5
Info: accumulate: Starting RTL generation for module 'final_project_accumulate'
Info: accumulate:   Generation command is [exec C:/intelfpga_lite/18.1/quartus/bin64/perl/bin/perl.exe -I C:/intelfpga_lite/18.1/quartus/bin64/perl/lib -I C:/intelfpga_lite/18.1/quartus/sopc_builder/bin/europa -I C:/intelfpga_lite/18.1/quartus/sopc_builder/bin/perl_lib -I C:/intelfpga_lite/18.1/quartus/sopc_builder/bin -I C:/intelfpga_lite/18.1/quartus/../ip/altera/sopc_builder_ip/common -I C:/intelfpga_lite/18.1/quartus/../ip/altera/sopc_builder_ip/altera_avalon_pio -- C:/intelfpga_lite/18.1/quartus/../ip/altera/sopc_builder_ip/altera_avalon_pio/generate_rtl.pl --name=final_project_accumulate --dir=C:/Users/kayla/AppData/Local/Temp/alt9335_4604506051613497820.dir/0244_accumulate_gen/ --quartus_dir=C:/intelfpga_lite/18.1/quartus --verilog --config=C:/Users/kayla/AppData/Local/Temp/alt9335_4604506051613497820.dir/0244_accumulate_gen//final_project_accumulate_component_configuration.pl  --do_build_sim=0  ]
Info: accumulate: Done RTL generation for module 'final_project_accumulate'
Info: accumulate: "final_project" instantiated altera_avalon_pio "accumulate"
Info: grid_pio0: Starting RTL generation for module 'final_project_grid_pio0'
Info: grid_pio0:   Generation command is [exec C:/intelfpga_lite/18.1/quartus/bin64/perl/bin/perl.exe -I C:/intelfpga_lite/18.1/quartus/bin64/perl/lib -I C:/intelfpga_lite/18.1/quartus/sopc_builder/bin/europa -I C:/intelfpga_lite/18.1/quartus/sopc_builder/bin/perl_lib -I C:/intelfpga_lite/18.1/quartus/sopc_builder/bin -I C:/intelfpga_lite/18.1/quartus/../ip/altera/sopc_builder_ip/common -I C:/intelfpga_lite/18.1/quartus/../ip/altera/sopc_builder_ip/altera_avalon_pio -- C:/intelfpga_lite/18.1/quartus/../ip/altera/sopc_builder_ip/altera_avalon_pio/generate_rtl.pl --name=final_project_grid_pio0 --dir=C:/Users/kayla/AppData/Local/Temp/alt9335_4604506051613497820.dir/0245_grid_pio0_gen/ --quartus_dir=C:/intelfpga_lite/18.1/quartus --verilog --config=C:/Users/kayla/AppData/Local/Temp/alt9335_4604506051613497820.dir/0245_grid_pio0_gen//final_project_grid_pio0_component_configuration.pl  --do_build_sim=0  ]
Info: grid_pio0: Done RTL generation for module 'final_project_grid_pio0'
Info: grid_pio0: "final_project" instantiated altera_avalon_pio "grid_pio0"
Info: jtag_uart: Starting RTL generation for module 'final_project_jtag_uart'
Info: jtag_uart:   Generation command is [exec C:/intelfpga_lite/18.1/quartus/bin64/perl/bin/perl.exe -I C:/intelfpga_lite/18.1/quartus/bin64/perl/lib -I C:/intelfpga_lite/18.1/quartus/sopc_builder/bin/europa -I C:/intelfpga_lite/18.1/quartus/sopc_builder/bin/perl_lib -I C:/intelfpga_lite/18.1/quartus/sopc_builder/bin -I C:/intelfpga_lite/18.1/quartus/../ip/altera/sopc_builder_ip/common -I C:/intelfpga_lite/18.1/quartus/../ip/altera/sopc_builder_ip/altera_avalon_jtag_uart -- C:/intelfpga_lite/18.1/quartus/../ip/altera/sopc_builder_ip/altera_avalon_jtag_uart/generate_rtl.pl --name=final_project_jtag_uart --dir=C:/Users/kayla/AppData/Local/Temp/alt9335_4604506051613497820.dir/0246_jtag_uart_gen/ --quartus_dir=C:/intelfpga_lite/18.1/quartus --verilog --config=C:/Users/kayla/AppData/Local/Temp/alt9335_4604506051613497820.dir/0246_jtag_uart_gen//final_project_jtag_uart_component_configuration.pl  --do_build_sim=0  ]
Info: jtag_uart: Done RTL generation for module 'final_project_jtag_uart'
Info: jtag_uart: "final_project" instantiated altera_avalon_jtag_uart "jtag_uart"
Info: key: Starting RTL generation for module 'final_project_key'
Info: key:   Generation command is [exec C:/intelfpga_lite/18.1/quartus/bin64/perl/bin/perl.exe -I C:/intelfpga_lite/18.1/quartus/bin64/perl/lib -I C:/intelfpga_lite/18.1/quartus/sopc_builder/bin/europa -I C:/intelfpga_lite/18.1/quartus/sopc_builder/bin/perl_lib -I C:/intelfpga_lite/18.1/quartus/sopc_builder/bin -I C:/intelfpga_lite/18.1/quartus/../ip/altera/sopc_builder_ip/common -I C:/intelfpga_lite/18.1/quartus/../ip/altera/sopc_builder_ip/altera_avalon_pio -- C:/intelfpga_lite/18.1/quartus/../ip/altera/sopc_builder_ip/altera_avalon_pio/generate_rtl.pl --name=final_project_key --dir=C:/Users/kayla/AppData/Local/Temp/alt9335_4604506051613497820.dir/0247_key_gen/ --quartus_dir=C:/intelfpga_lite/18.1/quartus --verilog --config=C:/Users/kayla/AppData/Local/Temp/alt9335_4604506051613497820.dir/0247_key_gen//final_project_key_component_configuration.pl  --do_build_sim=0  ]
Info: key: Done RTL generation for module 'final_project_key'
Info: key: "final_project" instantiated altera_avalon_pio "key"
Info: keycode: Starting RTL generation for module 'final_project_keycode'
Info: keycode:   Generation command is [exec C:/intelfpga_lite/18.1/quartus/bin64/perl/bin/perl.exe -I C:/intelfpga_lite/18.1/quartus/bin64/perl/lib -I C:/intelfpga_lite/18.1/quartus/sopc_builder/bin/europa -I C:/intelfpga_lite/18.1/quartus/sopc_builder/bin/perl_lib -I C:/intelfpga_lite/18.1/quartus/sopc_builder/bin -I C:/intelfpga_lite/18.1/quartus/../ip/altera/sopc_builder_ip/common -I C:/intelfpga_lite/18.1/quartus/../ip/altera/sopc_builder_ip/altera_avalon_pio -- C:/intelfpga_lite/18.1/quartus/../ip/altera/sopc_builder_ip/altera_avalon_pio/generate_rtl.pl --name=final_project_keycode --dir=C:/Users/kayla/AppData/Local/Temp/alt9335_4604506051613497820.dir/0248_keycode_gen/ --quartus_dir=C:/intelfpga_lite/18.1/quartus --verilog --config=C:/Users/kayla/AppData/Local/Temp/alt9335_4604506051613497820.dir/0248_keycode_gen//final_project_keycode_component_configuration.pl  --do_build_sim=0  ]
Info: keycode: Done RTL generation for module 'final_project_keycode'
Info: keycode: "final_project" instantiated altera_avalon_pio "keycode"
Info: leds_pio: Starting RTL generation for module 'final_project_leds_pio'
Info: leds_pio:   Generation command is [exec C:/intelfpga_lite/18.1/quartus/bin64/perl/bin/perl.exe -I C:/intelfpga_lite/18.1/quartus/bin64/perl/lib -I C:/intelfpga_lite/18.1/quartus/sopc_builder/bin/europa -I C:/intelfpga_lite/18.1/quartus/sopc_builder/bin/perl_lib -I C:/intelfpga_lite/18.1/quartus/sopc_builder/bin -I C:/intelfpga_lite/18.1/quartus/../ip/altera/sopc_builder_ip/common -I C:/intelfpga_lite/18.1/quartus/../ip/altera/sopc_builder_ip/altera_avalon_pio -- C:/intelfpga_lite/18.1/quartus/../ip/altera/sopc_builder_ip/altera_avalon_pio/generate_rtl.pl --name=final_project_leds_pio --dir=C:/Users/kayla/AppData/Local/Temp/alt9335_4604506051613497820.dir/0249_leds_pio_gen/ --quartus_dir=C:/intelfpga_lite/18.1/quartus --verilog --config=C:/Users/kayla/AppData/Local/Temp/alt9335_4604506051613497820.dir/0249_leds_pio_gen//final_project_leds_pio_component_configuration.pl  --do_build_sim=0  ]
Info: leds_pio: Done RTL generation for module 'final_project_leds_pio'
Info: leds_pio: "final_project" instantiated altera_avalon_pio "leds_pio"
Info: nios2_gen2_0: "final_project" instantiated altera_nios2_gen2 "nios2_gen2_0"
Info: onchip_memory2_0: Starting RTL generation for module 'final_project_onchip_memory2_0'
Info: onchip_memory2_0:   Generation command is [exec C:/intelfpga_lite/18.1/quartus/bin64/perl/bin/perl.exe -I C:/intelfpga_lite/18.1/quartus/bin64/perl/lib -I C:/intelfpga_lite/18.1/quartus/sopc_builder/bin/europa -I C:/intelfpga_lite/18.1/quartus/sopc_builder/bin/perl_lib -I C:/intelfpga_lite/18.1/quartus/sopc_builder/bin -I C:/intelfpga_lite/18.1/quartus/../ip/altera/sopc_builder_ip/common -I C:/intelfpga_lite/18.1/quartus/../ip/altera/sopc_builder_ip/altera_avalon_onchip_memory2 -- C:/intelfpga_lite/18.1/quartus/../ip/altera/sopc_builder_ip/altera_avalon_onchip_memory2/generate_rtl.pl --name=final_project_onchip_memory2_0 --dir=C:/Users/kayla/AppData/Local/Temp/alt9335_4604506051613497820.dir/0250_onchip_memory2_0_gen/ --quartus_dir=C:/intelfpga_lite/18.1/quartus --verilog --config=C:/Users/kayla/AppData/Local/Temp/alt9335_4604506051613497820.dir/0250_onchip_memory2_0_gen//final_project_onchip_memory2_0_component_configuration.pl  --do_build_sim=0  ]
Info: onchip_memory2_0: Done RTL generation for module 'final_project_onchip_memory2_0'
Info: onchip_memory2_0: "final_project" instantiated altera_avalon_onchip_memory2 "onchip_memory2_0"
Info: sdram: Starting RTL generation for module 'final_project_sdram'
Info: sdram:   Generation command is [exec C:/intelfpga_lite/18.1/quartus/bin64/perl/bin/perl.exe -I C:/intelfpga_lite/18.1/quartus/bin64/perl/lib -I C:/intelfpga_lite/18.1/quartus/sopc_builder/bin/europa -I C:/intelfpga_lite/18.1/quartus/sopc_builder/bin/perl_lib -I C:/intelfpga_lite/18.1/quartus/sopc_builder/bin -I C:/intelfpga_lite/18.1/quartus/../ip/altera/sopc_builder_ip/common -I C:/intelfpga_lite/18.1/quartus/../ip/altera/sopc_builder_ip/altera_avalon_new_sdram_controller -- C:/intelfpga_lite/18.1/quartus/../ip/altera/sopc_builder_ip/altera_avalon_new_sdram_controller/generate_rtl.pl --name=final_project_sdram --dir=C:/Users/kayla/AppData/Local/Temp/alt9335_4604506051613497820.dir/0251_sdram_gen/ --quartus_dir=C:/intelfpga_lite/18.1/quartus --verilog --config=C:/Users/kayla/AppData/Local/Temp/alt9335_4604506051613497820.dir/0251_sdram_gen//final_project_sdram_component_configuration.pl  --do_build_sim=0  ]
Info: sdram: Done RTL generation for module 'final_project_sdram'
Info: sdram: "final_project" instantiated altera_avalon_new_sdram_controller "sdram"
Info: sdram_pll: "final_project" instantiated altpll "sdram_pll"
Info: spi0: Starting RTL generation for module 'final_project_spi0'
Info: spi0:   Generation command is [exec C:/intelfpga_lite/18.1/quartus/bin64/perl/bin/perl.exe -I C:/intelfpga_lite/18.1/quartus/bin64/perl/lib -I C:/intelfpga_lite/18.1/quartus/sopc_builder/bin/europa -I C:/intelfpga_lite/18.1/quartus/sopc_builder/bin/perl_lib -I C:/intelfpga_lite/18.1/quartus/sopc_builder/bin -I C:/intelfpga_lite/18.1/quartus/../ip/altera/sopc_builder_ip/common -I C:/intelfpga_lite/18.1/quartus/../ip/altera/sopc_builder_ip/altera_avalon_spi -- C:/intelfpga_lite/18.1/quartus/../ip/altera/sopc_builder_ip/altera_avalon_spi/generate_rtl.pl --name=final_project_spi0 --dir=C:/Users/kayla/AppData/Local/Temp/alt9335_4604506051613497820.dir/0254_spi0_gen/ --quartus_dir=C:/intelfpga_lite/18.1/quartus --verilog --config=C:/Users/kayla/AppData/Local/Temp/alt9335_4604506051613497820.dir/0254_spi0_gen//final_project_spi0_component_configuration.pl  --do_build_sim=0  ]
Info: spi0: Done RTL generation for module 'final_project_spi0'
Info: spi0: "final_project" instantiated altera_avalon_spi "spi0"
Info: sysid_qsys_0: "final_project" instantiated altera_avalon_sysid_qsys "sysid_qsys_0"
Info: timer: Starting RTL generation for module 'final_project_timer'
Info: timer:   Generation command is [exec C:/intelFPGA_lite/18.1/quartus/bin64//perl/bin/perl.exe -I C:/intelFPGA_lite/18.1/quartus/bin64//perl/lib -I C:/intelfpga_lite/18.1/quartus/sopc_builder/bin/europa -I C:/intelfpga_lite/18.1/quartus/sopc_builder/bin/perl_lib -I C:/intelfpga_lite/18.1/quartus/sopc_builder/bin -I C:/intelfpga_lite/18.1/quartus/../ip/altera/sopc_builder_ip/common -I C:/intelfpga_lite/18.1/quartus/../ip/altera/sopc_builder_ip/altera_avalon_timer -- C:/intelfpga_lite/18.1/quartus/../ip/altera/sopc_builder_ip/altera_avalon_timer/generate_rtl.pl --name=final_project_timer --dir=C:/Users/kayla/AppData/Local/Temp/alt9335_4604506051613497820.dir/0256_timer_gen/ --quartus_dir=C:/intelfpga_lite/18.1/quartus --verilog --config=C:/Users/kayla/AppData/Local/Temp/alt9335_4604506051613497820.dir/0256_timer_gen//final_project_timer_component_configuration.pl  --do_build_sim=0  ]
Info: timer: Done RTL generation for module 'final_project_timer'
Info: timer: "final_project" instantiated altera_avalon_timer "timer"
Info: usb_rst: Starting RTL generation for module 'final_project_usb_rst'
Info: usb_rst:   Generation command is [exec C:/intelfpga_lite/18.1/quartus/bin64/perl/bin/perl.exe -I C:/intelfpga_lite/18.1/quartus/bin64/perl/lib -I C:/intelfpga_lite/18.1/quartus/sopc_builder/bin/europa -I C:/intelfpga_lite/18.1/quartus/sopc_builder/bin/perl_lib -I C:/intelfpga_lite/18.1/quartus/sopc_builder/bin -I C:/intelfpga_lite/18.1/quartus/../ip/altera/sopc_builder_ip/common -I C:/intelfpga_lite/18.1/quartus/../ip/altera/sopc_builder_ip/altera_avalon_pio -- C:/intelfpga_lite/18.1/quartus/../ip/altera/sopc_builder_ip/altera_avalon_pio/generate_rtl.pl --name=final_project_usb_rst --dir=C:/Users/kayla/AppData/Local/Temp/alt9335_4604506051613497820.dir/0257_usb_rst_gen/ --quartus_dir=C:/intelfpga_lite/18.1/quartus --verilog --config=C:/Users/kayla/AppData/Local/Temp/alt9335_4604506051613497820.dir/0257_usb_rst_gen//final_project_usb_rst_component_configuration.pl  --do_build_sim=0  ]
Info: usb_rst: Done RTL generation for module 'final_project_usb_rst'
Info: usb_rst: "final_project" instantiated altera_avalon_pio "usb_rst"
Info: win_lose_pio: Starting RTL generation for module 'final_project_win_lose_pio'
Info: win_lose_pio:   Generation command is [exec C:/intelfpga_lite/18.1/quartus/bin64/perl/bin/perl.exe -I C:/intelfpga_lite/18.1/quartus/bin64/perl/lib -I C:/intelfpga_lite/18.1/quartus/sopc_builder/bin/europa -I C:/intelfpga_lite/18.1/quartus/sopc_builder/bin/perl_lib -I C:/intelfpga_lite/18.1/quartus/sopc_builder/bin -I C:/intelfpga_lite/18.1/quartus/../ip/altera/sopc_builder_ip/common -I C:/intelfpga_lite/18.1/quartus/../ip/altera/sopc_builder_ip/altera_avalon_pio -- C:/intelfpga_lite/18.1/quartus/../ip/altera/sopc_builder_ip/altera_avalon_pio/generate_rtl.pl --name=final_project_win_lose_pio --dir=C:/Users/kayla/AppData/Local/Temp/alt9335_4604506051613497820.dir/0258_win_lose_pio_gen/ --quartus_dir=C:/intelfpga_lite/18.1/quartus --verilog --config=C:/Users/kayla/AppData/Local/Temp/alt9335_4604506051613497820.dir/0258_win_lose_pio_gen//final_project_win_lose_pio_component_configuration.pl  --do_build_sim=0  ]
Info: win_lose_pio: Done RTL generation for module 'final_project_win_lose_pio'
Info: win_lose_pio: "final_project" instantiated altera_avalon_pio "win_lose_pio"
Info: avalon_st_adapter: Inserting error_adapter: error_adapter_0
Info: avalon_st_adapter_001: Inserting error_adapter: error_adapter_0
Info: avalon_st_adapter_002: Inserting error_adapter: error_adapter_0
Info: avalon_st_adapter_003: Inserting error_adapter: error_adapter_0
Info: avalon_st_adapter_004: Inserting error_adapter: error_adapter_0
Info: avalon_st_adapter_005: Inserting error_adapter: error_adapter_0
Info: avalon_st_adapter_006: Inserting error_adapter: error_adapter_0
Info: avalon_st_adapter_007: Inserting error_adapter: error_adapter_0
Info: avalon_st_adapter_008: Inserting error_adapter: error_adapter_0
Info: avalon_st_adapter_009: Inserting error_adapter: error_adapter_0
Info: avalon_st_adapter_010: Inserting error_adapter: error_adapter_0
Info: avalon_st_adapter_011: Inserting error_adapter: error_adapter_0
Info: avalon_st_adapter_012: Inserting error_adapter: error_adapter_0
Info: avalon_st_adapter_013: Inserting error_adapter: error_adapter_0
Info: avalon_st_adapter_014: Inserting error_adapter: error_adapter_0
Info: avalon_st_adapter_015: Inserting error_adapter: error_adapter_0
Info: avalon_st_adapter_016: Inserting error_adapter: error_adapter_0
Info: avalon_st_adapter_017: Inserting error_adapter: error_adapter_0
Info: avalon_st_adapter_018: Inserting error_adapter: error_adapter_0
Info: avalon_st_adapter_019: Inserting error_adapter: error_adapter_0
Info: avalon_st_adapter_020: Inserting error_adapter: error_adapter_0
Info: avalon_st_adapter_021: Inserting error_adapter: error_adapter_0
Info: avalon_st_adapter_022: Inserting error_adapter: error_adapter_0
Info: avalon_st_adapter_023: Inserting error_adapter: error_adapter_0
Info: avalon_st_adapter_024: Inserting error_adapter: error_adapter_0
Info: avalon_st_adapter_025: Inserting error_adapter: error_adapter_0
Info: avalon_st_adapter_026: Inserting error_adapter: error_adapter_0
Info: avalon_st_adapter_027: Inserting error_adapter: error_adapter_0
Info: avalon_st_adapter_028: Inserting error_adapter: error_adapter_0
Info: avalon_st_adapter_029: Inserting error_adapter: error_adapter_0
Info: avalon_st_adapter_030: Inserting error_adapter: error_adapter_0
Info: avalon_st_adapter_031: Inserting error_adapter: error_adapter_0
Info: avalon_st_adapter_032: Inserting error_adapter: error_adapter_0
Info: mm_interconnect_0: "final_project" instantiated altera_mm_interconnect "mm_interconnect_0"
Info: irq_mapper: "final_project" instantiated altera_irq_mapper "irq_mapper"
Info: rst_controller: "final_project" instantiated altera_reset_controller "rst_controller"
Info: cpu: Starting RTL generation for module 'final_project_nios2_gen2_0_cpu'
Info: cpu:   Generation command is [exec C:/intelFPGA_lite/18.1/quartus/bin64//eperlcmd.exe -I C:/intelFPGA_lite/18.1/quartus/bin64//perl/lib -I C:/intelfpga_lite/18.1/quartus/sopc_builder/bin/europa -I C:/intelfpga_lite/18.1/quartus/sopc_builder/bin/perl_lib -I C:/intelfpga_lite/18.1/quartus/sopc_builder/bin -I C:/intelfpga_lite/18.1/quartus/../ip/altera/nios2_ip/altera_nios2_gen2/cpu_lib -I C:/intelfpga_lite/18.1/quartus/../ip/altera/nios2_ip/altera_nios2_gen2/nios_lib -I C:/intelfpga_lite/18.1/quartus/../ip/altera/nios2_ip/altera_nios2_gen2 -I C:/intelfpga_lite/18.1/quartus/../ip/altera/nios2_ip/altera_nios2_gen2 -- C:/intelfpga_lite/18.1/quartus/../ip/altera/nios2_ip/altera_nios2_gen2/generate_rtl.epl --name=final_project_nios2_gen2_0_cpu --dir=C:/Users/kayla/AppData/Local/Temp/alt9335_4604506051613497820.dir/0261_cpu_gen/ --quartus_bindir=C:/intelFPGA_lite/18.1/quartus/bin64/ --verilog --config=C:/Users/kayla/AppData/Local/Temp/alt9335_4604506051613497820.dir/0261_cpu_gen//final_project_nios2_gen2_0_cpu_processor_configuration.pl  --do_build_sim=0  ]
Info: cpu: # 2022.12.09 18:23:36 (*) Starting Nios II generation
Info: cpu: # 2022.12.09 18:23:36 (*)   Checking for plaintext license.
Info: cpu: # 2022.12.09 18:23:37 (*)   Couldn't query license setup in Quartus directory C:/intelFPGA_lite/18.1/quartus/bin64/
Info: cpu: # 2022.12.09 18:23:37 (*)   Defaulting to contents of LM_LICENSE_FILE environment variable
Info: cpu: # 2022.12.09 18:23:37 (*)   LM_LICENSE_FILE environment variable is empty
Info: cpu: # 2022.12.09 18:23:37 (*)   Plaintext license not found.
Info: cpu: # 2022.12.09 18:23:37 (*)   No license required to generate encrypted Nios II/e.
Info: cpu: # 2022.12.09 18:23:37 (*)   Elaborating CPU configuration settings
Info: cpu: # 2022.12.09 18:23:37 (*)   Creating all objects for CPU
Info: cpu: # 2022.12.09 18:23:38 (*)   Generating RTL from CPU objects
Info: cpu: # 2022.12.09 18:23:38 (*)   Creating plain-text RTL
Info: cpu: # 2022.12.09 18:23:39 (*) Done Nios II generation
Info: cpu: Done RTL generation for module 'final_project_nios2_gen2_0_cpu'
Info: cpu: "nios2_gen2_0" instantiated altera_nios2_gen2_unit "cpu"
Info: nios2_gen2_0_data_master_translator: "mm_interconnect_0" instantiated altera_merlin_master_translator "nios2_gen2_0_data_master_translator"
Info: jtag_uart_avalon_jtag_slave_translator: "mm_interconnect_0" instantiated altera_merlin_slave_translator "jtag_uart_avalon_jtag_slave_translator"
Info: nios2_gen2_0_data_master_agent: "mm_interconnect_0" instantiated altera_merlin_master_agent "nios2_gen2_0_data_master_agent"
Info: jtag_uart_avalon_jtag_slave_agent: "mm_interconnect_0" instantiated altera_merlin_slave_agent "jtag_uart_avalon_jtag_slave_agent"
Info: jtag_uart_avalon_jtag_slave_agent_rsp_fifo: "mm_interconnect_0" instantiated altera_avalon_sc_fifo "jtag_uart_avalon_jtag_slave_agent_rsp_fifo"
Info: router: "mm_interconnect_0" instantiated altera_merlin_router "router"
Info: router_002: "mm_interconnect_0" instantiated altera_merlin_router "router_002"
Info: router_007: "mm_interconnect_0" instantiated altera_merlin_router "router_007"
Info: sdram_s1_burst_adapter: "mm_interconnect_0" instantiated altera_merlin_burst_adapter "sdram_s1_burst_adapter"
Info: cmd_demux: "mm_interconnect_0" instantiated altera_merlin_demultiplexer "cmd_demux"
Info: cmd_mux: "mm_interconnect_0" instantiated altera_merlin_multiplexer "cmd_mux"
Info: rsp_demux: "mm_interconnect_0" instantiated altera_merlin_demultiplexer "rsp_demux"
Info: rsp_mux: "mm_interconnect_0" instantiated altera_merlin_multiplexer "rsp_mux"
Info: Reusing file C:/Users/kayla/OneDrive/Documents/ECE385/final/final_project/synthesis/submodules/altera_merlin_arbitrator.sv
Info: sdram_s1_rsp_width_adapter: "mm_interconnect_0" instantiated altera_merlin_width_adapter "sdram_s1_rsp_width_adapter"
Info: Reusing file C:/Users/kayla/OneDrive/Documents/ECE385/final/final_project/synthesis/submodules/altera_merlin_address_alignment.sv
Info: Reusing file C:/Users/kayla/OneDrive/Documents/ECE385/final/final_project/synthesis/submodules/altera_merlin_burst_uncompressor.sv
Info: crosser: "mm_interconnect_0" instantiated altera_avalon_st_handshake_clock_crosser "crosser"
Info: Reusing file C:/Users/kayla/OneDrive/Documents/ECE385/final/final_project/synthesis/submodules/altera_avalon_st_pipeline_base.v
Info: avalon_st_adapter: "mm_interconnect_0" instantiated altera_avalon_st_adapter "avalon_st_adapter"
Info: avalon_st_adapter_005: "mm_interconnect_0" instantiated altera_avalon_st_adapter "avalon_st_adapter_005"
Info: error_adapter_0: "avalon_st_adapter" instantiated error_adapter "error_adapter_0"
Info: error_adapter_0: "avalon_st_adapter_005" instantiated error_adapter "error_adapter_0"
Info: final_project: Done "final_project" with 39 modules, 64 files
Info: qsys-generate succeeded.
Info: Finished: Create HDL design files for synthesis
